<?xml version="1.0" encoding="UTF-8"?>
<!-- Generated by org.testng.reporters.JUnitReportReporter -->
<testsuite hostname="DESKTOP-J77L1O0" failures="0" tests="1" name="JsonServerAPIs.ServerAPIs.JsonServerCommentsAPITest" time="2.781" errors="0" timestamp="2022-07-26T11:54:56 IST" skipped="0">
  <testcase classname="JsonServerAPIs.ServerAPIs.JsonServerCommentsAPITest" name="test_patch_comments" time="2.781"/>
  <system-out/>
</testsuite> <!-- JsonServerAPIs.ServerAPIs.JsonServerCommentsAPITest -->
