<?xml version="1.0" encoding="UTF-8"?>
<!-- Generated by org.testng.reporters.JUnitReportReporter -->
<testsuite hostname="DESKTOP-J77L1O0" failures="0" tests="1" name="JsonServerAPIs.ServerAPIs.JsonServerAPITest" time="2.406" errors="0" timestamp="2022-07-27T00:05:13 IST" skipped="0">
  <testcase classname="JsonServerAPIs.ServerAPIs.JsonServerAPITest" name="test_get_all_request" time="2.406"/>
  <system-out/>
</testsuite> <!-- JsonServerAPIs.ServerAPIs.JsonServerAPITest -->
